<?xml version="1.0" encoding="UTF-8"?>
<testng-results ignored="0" total="1" passed="1" failed="0" skipped="0">
  <reporter-output>
  </reporter-output>
  <suite started-at="2024-11-04T12:32:27 BDT" name="Default suite" finished-at="2024-11-04T12:32:40 BDT" duration-ms="12394">
    <groups>
    </groups>
    <test started-at="2024-11-04T12:32:27 BDT" name="Default test" finished-at="2024-11-04T12:32:40 BDT" duration-ms="12394">
      <class name="WebElementTwo.MyLocator">
        <test-method signature="myfirstTest()[pri:0, instance:WebElementTwo.MyLocator@6bbe85a8]" started-at="2024-11-04T12:32:27 BDT" name="myfirstTest" finished-at="2024-11-04T12:32:40 BDT" duration-ms="12311" status="PASS">
          <reporter-output>
          </reporter-output>
        </test-method> <!-- myfirstTest -->
      </class> <!-- WebElementTwo.MyLocator -->
    </test> <!-- Default test -->
  </suite> <!-- Default suite -->
</testng-results>
